TN:
SF:/Users/erwingaitanospino/Projects/react-generator/commands/component.spec.js
FN:7,(anonymous_1)
FN:8,(anonymous_2)
FN:51,(anonymous_3)
FN:76,(anonymous_4)
FN:101,(anonymous_5)
FN:104,(anonymous_6)
FN:120,(anonymous_7)
FNF:7
FNH:7
FNDA:1,(anonymous_1)
FNDA:1,(anonymous_2)
FNDA:1,(anonymous_3)
FNDA:1,(anonymous_4)
FNDA:1,(anonymous_5)
FNDA:1,(anonymous_6)
FNDA:1,(anonymous_7)
DA:4,1
DA:5,1
DA:7,1
DA:8,1
DA:9,1
DA:10,1
DA:11,1
DA:12,1
DA:13,1
DA:14,1
DA:15,1
DA:17,1
DA:18,1
DA:19,1
DA:20,1
DA:22,1
DA:23,1
DA:24,1
DA:25,1
DA:28,1
DA:29,1
DA:30,1
DA:31,1
DA:33,1
DA:35,1
DA:38,1
DA:39,1
DA:42,1
DA:43,1
DA:44,1
DA:45,1
DA:46,1
DA:47,1
DA:51,1
DA:52,1
DA:53,1
DA:54,1
DA:60,1
DA:61,1
DA:63,1
DA:64,1
DA:70,1
DA:71,1
DA:76,1
DA:77,1
DA:78,1
DA:79,1
DA:80,1
DA:81,1
DA:83,1
DA:84,1
DA:85,1
DA:87,1
DA:88,1
DA:89,1
DA:91,1
DA:92,1
DA:93,1
DA:94,0
DA:101,1
DA:102,1
DA:104,1
DA:105,1
DA:106,1
DA:107,1
DA:108,1
DA:110,1
DA:112,1
DA:113,1
DA:114,1
DA:115,1
DA:120,1
DA:121,1
DA:122,1
DA:123,1
DA:124,1
DA:125,1
DA:126,1
DA:131,1
DA:132,1
DA:133,1
DA:135,1
DA:136,1
DA:137,1
DA:139,0
LF:85
LH:83
BRDA:84,1,0,0
BRDA:84,1,1,1
BRDA:88,2,0,0
BRDA:88,2,1,1
BRDA:92,3,0,0
BRDA:92,3,1,1
BRDA:112,4,0,0
BRDA:112,4,1,1
BRDA:123,5,0,0
BRDA:123,5,1,1
BRF:10
BRH:5
end_of_record
TN:
SF:/Users/erwingaitanospino/Projects/react-generator/commands/component.js
FN:22,getFileStringTransformed
FN:44,getInfoFromFilenamePath
FN:65,getOutputDirForComponent
FN:92,generateFiles
FN:99,(anonymous_5)
FN:124,createComponent
FNF:6
FNH:6
FNDA:13,getFileStringTransformed
FNDA:8,getInfoFromFilenamePath
FNDA:4,getOutputDirForComponent
FNDA:2,generateFiles
FNDA:8,(anonymous_5)
FNDA:1,createComponent
DA:7,1
DA:8,1
DA:9,1
DA:10,1
DA:11,1
DA:22,1
DA:23,13
DA:24,13
DA:28,13
DA:29,11
DA:31,2
DA:34,13
DA:35,13
DA:44,1
DA:45,8
DA:46,8
DA:48,8
DA:65,1
DA:66,4
DA:67,2
DA:68,2
DA:70,2
DA:71,2
DA:72,2
DA:75,21
DA:76,2
DA:92,1
DA:93,2
DA:98,2
DA:100,8
DA:101,8
DA:102,8
DA:104,6
DA:105,6
DA:106,6
DA:109,6
DA:111,6
DA:114,2
DA:124,1
DA:125,1
DA:126,1
DA:127,1
DA:128,1
DA:129,1
DA:130,0
DA:131,0
DA:132,0
DA:135,1
DA:136,1
DA:145,1
DA:155,1
DA:156,1
DA:160,1
LF:53
LH:50
BRDA:28,1,0,11
BRDA:28,1,1,2
BRDA:66,2,0,2
BRDA:66,2,1,2
BRDA:72,3,0,0
BRDA:72,3,1,2
BRDA:75,4,0,2
BRDA:75,4,1,0
BRDA:100,5,0,0
BRDA:100,5,1,8
BRDA:100,6,0,8
BRDA:100,6,1,0
BRDA:101,7,0,0
BRDA:101,7,1,8
BRDA:101,8,0,8
BRDA:101,8,1,0
BRDA:102,9,0,2
BRDA:102,9,1,6
BRDA:129,10,0,0
BRDA:129,10,1,1
BRDA:136,11,0,1
BRDA:136,11,1,0
BRF:22
BRH:14
end_of_record
TN:
SF:/Users/erwingaitanospino/Projects/react-generator/utils/directory.js
FN:16,getDirectories
FN:30,getSourceFolder
FNF:2
FNH:2
FNDA:3,getDirectories
FNDA:3,getSourceFolder
DA:7,1
DA:8,1
DA:16,1
DA:17,3
DA:18,37
DA:30,1
DA:31,22
DA:34,1
LF:8
LH:8
BRDA:31,1,0,3
BRDA:31,1,1,3
BRDA:31,2,0,22
BRDA:31,2,1,22
BRF:4
BRH:4
end_of_record
TN:
SF:/Users/erwingaitanospino/Projects/react-generator/commands/remove.spec.js
FN:7,(anonymous_1)
FN:8,(anonymous_2)
FN:9,(anonymous_3)
FN:20,(anonymous_4)
FNF:4
FNH:4
FNDA:1,(anonymous_1)
FNDA:1,(anonymous_2)
FNDA:1,(anonymous_3)
FNDA:1,(anonymous_4)
DA:4,1
DA:5,1
DA:7,1
DA:8,1
DA:9,1
DA:10,1
DA:11,1
DA:12,1
DA:13,1
DA:15,1
DA:16,1
DA:20,1
DA:21,1
DA:22,1
DA:23,1
DA:25,1
DA:26,1
DA:29,1
DA:30,1
DA:31,2
DA:32,1
DA:33,0
DA:37,1
DA:38,1
LF:24
LH:23
BRDA:31,1,0,1
BRDA:31,1,1,1
BRF:2
BRH:2
end_of_record
TN:
SF:/Users/erwingaitanospino/Projects/react-generator/commands/remove.js
FN:19,getFolderToEliminatePath
FN:30,removeComponent
FNF:2
FNH:2
FNDA:3,getFolderToEliminatePath
FNDA:1,removeComponent
DA:7,1
DA:8,1
DA:9,1
DA:10,1
DA:19,1
DA:20,3
DA:21,3
DA:30,1
DA:31,1
DA:33,1
DA:34,1
DA:36,1
DA:37,10
DA:38,1
DA:39,1
DA:40,1
DA:42,1
DA:51,1
DA:57,1
DA:58,1
DA:62,1
LF:21
LH:21
BRDA:20,1,0,1
BRDA:20,1,1,2
BRDA:34,2,0,0
BRDA:34,2,1,1
BRF:4
BRH:3
end_of_record
